[debug] [2024-12-13T16:40:44.597Z] ----------------------------------------------------------------------
[debug] [2024-12-13T16:40:44.599Z] Command:       /usr/bin/node /usr/local/bin/firebase login
[debug] [2024-12-13T16:40:44.600Z] CLI Version:   13.29.0
[debug] [2024-12-13T16:40:44.600Z] Platform:      linux
[debug] [2024-12-13T16:40:44.600Z] Node Version:  v18.19.1
[debug] [2024-12-13T16:40:44.600Z] Time:          Fri Dec 13 2024 21:40:44 GMT+0500 (Pakistan Standard Time)
[debug] [2024-12-13T16:40:44.601Z] ----------------------------------------------------------------------
[debug] 
[debug] [2024-12-13T16:40:44.604Z] >>> [apiv2][query] GET https://firebase-public.firebaseio.com/cli.json [none]
[info] i  Firebase optionally collects CLI and Emulator Suite usage and error reporting information to help improve our products. Data is collected in accordance with Google's privacy policy (https://policies.google.com/privacy) and is not used to identify you.
 
[debug] [2024-12-13T16:40:55.416Z] <<< [apiv2][status] GET https://firebase-public.firebaseio.com/cli.json 200
[debug] [2024-12-13T16:40:55.418Z] <<< [apiv2][body] GET https://firebase-public.firebaseio.com/cli.json {"cloudBuildErrorAfter":1594252800000,"cloudBuildWarnAfter":1590019200000,"defaultNode10After":1594252800000,"minVersion":"3.0.5","node8DeploysDisabledAfter":1613390400000,"node8RuntimeDisabledAfter":1615809600000,"node8WarnAfter":1600128000000}
[info] i  To change your data collection preference at any time, run `firebase logout` and log in again. 
[info] 
[info] Visit this URL on this device to log in:
[info] https://accounts.google.com/o/oauth2/auth?client_id=563584335869-fgrhgmd47bqnekij5i8b5pr03ho849e6.apps.googleusercontent.com&scope=email%20openid%20https%3A%2F%2Fwww.googleapis.com%2Fauth%2Fcloudplatformprojects.readonly%20https%3A%2F%2Fwww.googleapis.com%2Fauth%2Ffirebase%20https%3A%2F%2Fwww.googleapis.com%2Fauth%2Fcloud-platform&response_type=code&state=458691831&redirect_uri=http%3A%2F%2Flocalhost%3A9005
[info] 
[info] Waiting for authentication...
[debug] [2024-12-13T16:41:55.636Z] >>> [apiv2][query] POST https://accounts.google.com/o/oauth2/token [none]
[debug] [2024-12-13T16:41:55.636Z] >>> [apiv2][body] POST https://accounts.google.com/o/oauth2/token [omitted]
[debug] [2024-12-13T16:41:57.082Z] <<< [apiv2][status] POST https://accounts.google.com/o/oauth2/token 200
[debug] [2024-12-13T16:41:57.083Z] <<< [apiv2][body] POST https://accounts.google.com/o/oauth2/token [omitted]
[info] 
[info] ✔  Success! Logged in as dr.muhammadahmed05@gmail.com 
[debug] [2024-12-13T16:42:02.670Z] Error: Timed out.
    at Timeout._onTimeout (/usr/local/lib/node_modules/firebase-tools/lib/utils.js:269:49)
    at listOnTimeout (node:internal/timers:569:17)
    at process.processTimers (node:internal/timers:512:7)
[error] 
[error] Error: An unexpected error has occurred.
[debug] [2024-12-13T16:42:40.371Z] ----------------------------------------------------------------------
[debug] [2024-12-13T16:42:40.375Z] Command:       /usr/bin/node /usr/local/bin/firebase init hosting
[debug] [2024-12-13T16:42:40.376Z] CLI Version:   13.29.0
[debug] [2024-12-13T16:42:40.377Z] Platform:      linux
[debug] [2024-12-13T16:42:40.377Z] Node Version:  v18.19.1
[debug] [2024-12-13T16:42:40.377Z] Time:          Fri Dec 13 2024 21:42:40 GMT+0500 (Pakistan Standard Time)
[debug] [2024-12-13T16:42:40.378Z] ----------------------------------------------------------------------
[debug] 
[debug] [2024-12-13T16:42:40.386Z] > command requires scopes: ["email","openid","https://www.googleapis.com/auth/cloudplatformprojects.readonly","https://www.googleapis.com/auth/firebase","https://www.googleapis.com/auth/cloud-platform"]
[debug] [2024-12-13T16:42:40.386Z] > authorizing via signed-in user (dr.muhammadahmed05@gmail.com)
[info] 
     ######## #### ########  ######## ########     ###     ######  ########
     ##        ##  ##     ## ##       ##     ##  ##   ##  ##       ##
     ######    ##  ########  ######   ########  #########  ######  ######
     ##        ##  ##    ##  ##       ##     ## ##     ##       ## ##
     ##       #### ##     ## ######## ########  ##     ##  ######  ########

You're about to initialize a Firebase project in this directory:

  /home/ahmed/Desktop/portfolioweb

[info] 
=== Project Setup
[info] 
[info] First, let's associate this project directory with a Firebase project.
[info] You can create multiple project aliases by running firebase use --add, 
[info] but for now we'll just set up a default project.
[info] 
[debug] [2024-12-13T16:42:51.230Z] Checked if tokens are valid: true, expires at: 1734111716083
[debug] [2024-12-13T16:42:51.231Z] Checked if tokens are valid: true, expires at: 1734111716083
[debug] [2024-12-13T16:42:51.236Z] >>> [apiv2][query] GET https://firebase.googleapis.com/v1beta1/projects pageSize=100
[debug] [2024-12-13T16:43:11.297Z] *** [apiv2] error from fetch(https://firebase.googleapis.com/v1beta1/projects?pageSize=100, {"headers":{},"method":"GET","signal":{}}): FetchError: request to https://firebase.googleapis.com/v1beta1/projects?pageSize=100 failed, reason: getaddrinfo EAI_AGAIN firebase.googleapis.com
[debug] [2024-12-13T16:43:11.298Z] Failed to make request to https://firebase.googleapis.com/v1beta1/projects?pageSize=100
[debug] [2024-12-13T16:43:16.310Z] Error: Timed out.
    at Timeout._onTimeout (/usr/local/lib/node_modules/firebase-tools/lib/utils.js:269:49)
    at listOnTimeout (node:internal/timers:569:17)
    at process.processTimers (node:internal/timers:512:7)
[error] 
[error] Error: An unexpected error has occurred.
[debug] [2024-12-13T16:47:35.394Z] ----------------------------------------------------------------------
[debug] [2024-12-13T16:47:35.397Z] Command:       /usr/bin/node /usr/local/bin/firebase deploy
[debug] [2024-12-13T16:47:35.397Z] CLI Version:   13.29.0
[debug] [2024-12-13T16:47:35.398Z] Platform:      linux
[debug] [2024-12-13T16:47:35.398Z] Node Version:  v18.19.1
[debug] [2024-12-13T16:47:35.398Z] Time:          Fri Dec 13 2024 21:47:35 GMT+0500 (Pakistan Standard Time)
[debug] [2024-12-13T16:47:35.398Z] ----------------------------------------------------------------------
[debug] 
[debug] [2024-12-13T16:47:40.448Z] Error: Timed out.
    at Timeout._onTimeout (/usr/local/lib/node_modules/firebase-tools/lib/utils.js:269:49)
    at listOnTimeout (node:internal/timers:569:17)
    at process.processTimers (node:internal/timers:512:7)
[error] 
[error] Error: An unexpected error has occurred.
